#
# There is insufficient memory for the Java Runtime Environment to continue.
# Native memory allocation (malloc) failed to allocate 1592208 bytes for Chunk::new
# Possible reasons:
#   The system is out of physical RAM or swap space
#   In 32 bit mode, the process size limit was hit
# Possible solutions:
#   Reduce memory load on the system
#   Increase physical memory or swap space
#   Check if swap backing store is full
#   Use 64 bit Java on a 64 bit OS
#   Decrease Java heap size (-Xmx/-Xms)
#   Decrease number of Java threads
#   Decrease Java thread stack sizes (-Xss)
#   Set larger code cache with -XX:ReservedCodeCacheSize=
# This output file may be truncated or incomplete.
#
#  Out of Memory Error (allocation.cpp:390), pid=32008, tid=0x0000000000013af8
#
# JRE version: Java(TM) SE Runtime Environment (8.0_121-b13) (build 1.8.0_121-b13)
# Java VM: Java HotSpot(TM) 64-Bit Server VM (25.121-b13 mixed mode windows-amd64 compressed oops)
# Failed to write core dump. Minidumps are not enabled by default on client versions of Windows
#

---------------  T H R E A D  ---------------

Current thread (0x0000000017cdd000):  JavaThread "C2 CompilerThread1" daemon [_thread_in_native, id=80632, stack(0x00000000197d0000,0x00000000198d0000)]

Stack: [0x00000000197d0000,0x00000000198d0000]
[error occurred during error reporting (printing stack bounds), id 0xc0000005]

Native frames: (J=compiled Java code, j=interpreted, Vv=VM code, C=native code)


Current CompileTask:
C2:  34458 6132   !   4       io.spring.gradle.dependencymanagement.org.codehaus.plexus.interpolation.StringSearchInterpolator::interpolate (665 bytes)


---------------  P R O C E S S  ---------------

Java Threads: ( => current thread )
  0x000000001e5ca800 JavaThread "Build operations Thread 4" [_thread_blocked, id=81176, stack(0x0000000022d50000,0x0000000022e50000)]
  0x000000001e5c9800 JavaThread "Build operations Thread 3" [_thread_blocked, id=81516, stack(0x0000000022c50000,0x0000000022d50000)]
  0x000000001e5c9000 JavaThread "Build operations Thread 2" [_thread_blocked, id=81452, stack(0x0000000022b50000,0x0000000022c50000)]
  0x000000001e5c4800 JavaThread "Build operations" [_thread_blocked, id=81792, stack(0x0000000022a50000,0x0000000022b50000)]
  0x000000001e5c8000 JavaThread "Cache worker for Artifact transforms cache (C:\Users\Administrator\.gradle\caches\transforms-1)" [_thread_blocked, id=34408, stack(0x0000000022950000,0x0000000022a50000)]
  0x000000001e5c6000 JavaThread "Cache worker for cache directory md-rule (C:\Users\Administrator\.gradle\caches\4.9\md-rule)" [_thread_blocked, id=80536, stack(0x0000000022850000,0x0000000022950000)]
  0x000000001b3a5800 JavaThread "Cache worker for cache directory md-supplier (C:\Users\Administrator\.gradle\caches\4.9\md-supplier)" [_thread_blocked, id=80824, stack(0x0000000022750000,0x0000000022850000)]
  0x000000001b3a1000 JavaThread "Cache worker for file hash cache (F:\Anson\anson\.gradle\4.9\fileHashes)" [_thread_blocked, id=30412, stack(0x0000000022650000,0x0000000022750000)]
  0x000000001b3a3800 JavaThread "Stdin handler" [_thread_blocked, id=5200, stack(0x0000000022550000,0x0000000022650000)]
  0x000000001b3a5000 JavaThread "Asynchronous log dispatcher for DefaultDaemonConnection: socket connection from /127.0.0.1:62736 to /127.0.0.1:62783" [_thread_blocked, id=81016, stack(0x0000000022450000,0x0000000022550000)]
  0x000000001b3a2800 JavaThread "Cancel handler" [_thread_blocked, id=81084, stack(0x0000000022350000,0x0000000022450000)]
  0x000000001b3a6800 JavaThread "Handler for socket connection from /127.0.0.1:62736 to /127.0.0.1:62783" [_thread_in_native, id=76888, stack(0x0000000022250000,0x0000000022350000)]
  0x000000001b3a4000 JavaThread "File lock request listener" [_thread_in_native, id=81336, stack(0x000000001d410000,0x000000001d510000)]
  0x000000001b3a7000 JavaThread "Cache worker for file hash cache (C:\Users\Administrator\.gradle\caches\4.9\fileHashes)" [_thread_blocked, id=81328, stack(0x000000001d310000,0x000000001d410000)]
  0x000000001a7dc800 JavaThread "Daemon worker" [_thread_in_Java, id=76092, stack(0x000000001ce10000,0x000000001cf10000)]
  0x000000001aebd000 JavaThread "Daemon" [_thread_blocked, id=81580, stack(0x000000001c910000,0x000000001ca10000)]
  0x000000001a9ff000 JavaThread "Daemon periodic checks" [_thread_blocked, id=71028, stack(0x000000001c810000,0x000000001c910000)]
  0x000000001a7b4800 JavaThread "Incoming local TCP Connector on port 62736" [_thread_in_native, id=68844, stack(0x000000001c670000,0x000000001c770000)]
  0x000000001a821000 JavaThread "Daemon health stats" [_thread_blocked, id=81520, stack(0x000000001c370000,0x000000001c470000)]
  0x000000001916d800 JavaThread "Service Thread" daemon [_thread_blocked, id=71752, stack(0x00000000199d0000,0x0000000019ad0000)]
  0x00000000190e3000 JavaThread "C1 CompilerThread2" daemon [_thread_blocked, id=79576, stack(0x00000000198d0000,0x00000000199d0000)]
=>0x0000000017cdd000 JavaThread "C2 CompilerThread1" daemon [_thread_in_native, id=80632, stack(0x00000000197d0000,0x00000000198d0000)]
  0x0000000017cd9800 JavaThread "C2 CompilerThread0" daemon [_thread_in_native, id=68864, stack(0x00000000196d0000,0x00000000197d0000)]
  0x0000000017cd8800 JavaThread "Attach Listener" daemon [_thread_blocked, id=77148, stack(0x00000000195d0000,0x00000000196d0000)]
  0x0000000017c8d800 JavaThread "Signal Dispatcher" daemon [_thread_blocked, id=31908, stack(0x00000000194d0000,0x00000000195d0000)]
  0x00000000055ab000 JavaThread "Finalizer" daemon [_thread_blocked, id=77644, stack(0x0000000018ed0000,0x0000000018fd0000)]
  0x00000000055a2000 JavaThread "Reference Handler" daemon [_thread_blocked, id=77864, stack(0x0000000018dd0000,0x0000000018ed0000)]
  0x000000000382d800 JavaThread "main" [_thread_blocked, id=76072, stack(0x0000000005020000,0x0000000005120000)]

Other Threads:
  0x0000000017c47800 VMThread [stack: 0x0000000018cd0000,0x0000000018dd0000] [id=81876]
  0x00000000191b2000 WatcherThread [stack: 0x0000000019ad0000,0x0000000019bd0000] [id=81316]

VM state:not at safepoint (normal execution)

VM Mutex/Monitor currently owned by a thread:  ([mutex/lock_event])
[0x0000000003828a30] CodeCache_lock - owner thread: 0x00000000190e3000
[0x00000000054b1ed0] Compile_lock - owner thread: 0x00000000190e3000
[0x00000000054b0cd0] MethodCompileQueue_lock - owner thread: 0x00000000190e3000

Heap:
 PSYoungGen      total 205824K, used 67684K [0x00000000eab00000, 0x00000000fbb00000, 0x0000000100000000)
  eden space 192512K, 28% used [0x00000000eab00000,0x00000000ee01a2a8,0x00000000f6700000)
  from space 13312K, 99% used [0x00000000f6700000,0x00000000f73ff070,0x00000000f7400000)
  to   space 15360K, 0% used [0x00000000fac00000,0x00000000fac00000,0x00000000fbb00000)
 ParOldGen       total 121344K, used 17991K [0x00000000c0000000, 0x00000000c7680000, 0x00000000eab00000)
  object space 121344K, 14% used [0x00000000c0000000,0x00000000c1191cb0,0x00000000c7680000)
 Metaspace       used 47019K, capacity 48210K, committed 48512K, reserved 1091584K
  class space    used 6453K, capacity 6753K, committed 6784K, reserved 1048576K

Card table byte_map: [0x0000000014970000,0x0000000014b80000] byte_map_base: 0x0000000014370000

Marking Bits: (ParMarkBitMap*) 0x000000005aebb6d0
 Begin Bits: [0x00000000150e0000, 0x00000000160e0000)
 End Bits:   [0x00000000160e0000, 0x00000000170e0000)

Polling page: 0x0000000003340000

CodeCache: size=245760Kb used=20568Kb max_used=22089Kb free=225191Kb
 bounds [0x00000000055b0000, 0x0000000006b60000, 0x00000000145b0000]
 total_blobs=6307 nmethods=5553 adapters=665
 compilation: enabled

Compilation events (10 events):
Event: 34.408 Thread 0x00000000190e3000 6380       3       io.spring.gradle.dependencymanagement.org.codehaus.plexus.util.xml.pull.MXParser::nextTag (83 bytes)
Event: 34.409 Thread 0x00000000190e3000 nmethod 6380 0x00000000065318d0 code [0x0000000006531b00, 0x00000000065328e8]
Event: 34.409 Thread 0x00000000190e3000 6381       3       java.nio.ByteBuffer::order (48 bytes)
Event: 34.409 Thread 0x00000000190e3000 nmethod 6381 0x0000000005f8efd0 code [0x0000000005f8f140, 0x0000000005f8f3d0]
Event: 34.441 Thread 0x00000000190e3000 6382       3       org.gradle.api.internal.artifacts.ivyservice.resolveengine.graph.builder.ComponentState::getComponentId (22 bytes)
Event: 34.441 Thread 0x00000000190e3000 nmethod 6382 0x00000000059b8290 code [0x00000000059b8400, 0x00000000059b8668]
Event: 34.447 Thread 0x00000000190e3000 6383       1       com.google.common.collect.AbstractMapBasedMultimap::access$000 (5 bytes)
Event: 34.448 Thread 0x00000000190e3000 nmethod 6383 0x0000000006186510 code [0x0000000006186660, 0x0000000006186750]
Event: 34.449 Thread 0x00000000190e3000 6384       3       io.spring.gradle.dependencymanagement.org.apache.maven.model.io.xpp3.MavenXpp3Reader::parsePluginExecution (332 bytes)
Event: 34.453 Thread 0x00000000190e3000 nmethod 6384 0x0000000006757b10 code [0x0000000006757fa0, 0x000000000675a388]

GC Heap History (10 events):
Event: 23.449 GC heap before
{Heap before GC invocations=7 (full 1):
 PSYoungGen      total 98816K, used 98805K [0x00000000eab00000, 0x00000000f4700000, 0x0000000100000000)
  eden space 90624K, 100% used [0x00000000eab00000,0x00000000f0380000,0x00000000f0380000)
  from space 8192K, 99% used [0x00000000f0380000,0x00000000f0b7d490,0x00000000f0b80000)
  to   space 11776K, 0% used [0x00000000f3b80000,0x00000000f3b80000,0x00000000f4700000)
 ParOldGen       total 82432K, used 8566K [0x00000000c0000000, 0x00000000c5080000, 0x00000000eab00000)
  object space 82432K, 10% used [0x00000000c0000000,0x00000000c085dac8,0x00000000c5080000)
 Metaspace       used 33404K, capacity 34228K, committed 34432K, reserved 1079296K
  class space    used 4671K, capacity 4911K, committed 4992K, reserved 1048576K
Event: 23.477 GC heap after
Heap after GC invocations=7 (full 1):
 PSYoungGen      total 142336K, used 11766K [0x00000000eab00000, 0x00000000f4700000, 0x0000000100000000)
  eden space 130560K, 0% used [0x00000000eab00000,0x00000000eab00000,0x00000000f2a80000)
  from space 11776K, 99% used [0x00000000f3b80000,0x00000000f46fd860,0x00000000f4700000)
  to   space 13312K, 0% used [0x00000000f2d00000,0x00000000f2d00000,0x00000000f3a00000)
 ParOldGen       total 82432K, used 8658K [0x00000000c0000000, 0x00000000c5080000, 0x00000000eab00000)
  object space 82432K, 10% used [0x00000000c0000000,0x00000000c0874bb8,0x00000000c5080000)
 Metaspace       used 33404K, capacity 34228K, committed 34432K, reserved 1079296K
  class space    used 4671K, capacity 4911K, committed 4992K, reserved 1048576K
}
Event: 24.029 GC heap before
{Heap before GC invocations=8 (full 1):
 PSYoungGen      total 142336K, used 35898K [0x00000000eab00000, 0x00000000f4700000, 0x0000000100000000)
  eden space 130560K, 18% used [0x00000000eab00000,0x00000000ec291210,0x00000000f2a80000)
  from space 11776K, 99% used [0x00000000f3b80000,0x00000000f46fd860,0x00000000f4700000)
  to   space 13312K, 0% used [0x00000000f2d00000,0x00000000f2d00000,0x00000000f3a00000)
 ParOldGen       total 82432K, used 8658K [0x00000000c0000000, 0x00000000c5080000, 0x00000000eab00000)
  object space 82432K, 10% used [0x00000000c0000000,0x00000000c0874bb8,0x00000000c5080000)
 Metaspace       used 34477K, capacity 35386K, committed 35496K, reserved 1079296K
  class space    used 4813K, capacity 5104K, committed 5120K, reserved 1048576K
Event: 24.042 GC heap after
Heap after GC invocations=8 (full 1):
 PSYoungGen      total 146432K, used 9988K [0x00000000eab00000, 0x00000000f8100000, 0x0000000100000000)
  eden space 133120K, 0% used [0x00000000eab00000,0x00000000eab00000,0x00000000f2d00000)
  from space 13312K, 75% used [0x00000000f2d00000,0x00000000f36c11b0,0x00000000f3a00000)
  to   space 13312K, 0% used [0x00000000f7400000,0x00000000f7400000,0x00000000f8100000)
 ParOldGen       total 82432K, used 8666K [0x00000000c0000000, 0x00000000c5080000, 0x00000000eab00000)
  object space 82432K, 10% used [0x00000000c0000000,0x00000000c0876bb8,0x00000000c5080000)
 Metaspace       used 34477K, capacity 35386K, committed 35496K, reserved 1079296K
  class space    used 4813K, capacity 5104K, committed 5120K, reserved 1048576K
}
Event: 24.042 GC heap before
{Heap before GC invocations=9 (full 2):
 PSYoungGen      total 146432K, used 9988K [0x00000000eab00000, 0x00000000f8100000, 0x0000000100000000)
  eden space 133120K, 0% used [0x00000000eab00000,0x00000000eab00000,0x00000000f2d00000)
  from space 13312K, 75% used [0x00000000f2d00000,0x00000000f36c11b0,0x00000000f3a00000)
  to   space 13312K, 0% used [0x00000000f7400000,0x00000000f7400000,0x00000000f8100000)
 ParOldGen       total 82432K, used 8666K [0x00000000c0000000, 0x00000000c5080000, 0x00000000eab00000)
  object space 82432K, 10% used [0x00000000c0000000,0x00000000c0876bb8,0x00000000c5080000)
 Metaspace       used 34477K, capacity 35386K, committed 35496K, reserved 1079296K
  class space    used 4813K, capacity 5104K, committed 5120K, reserved 1048576K
Event: 24.159 GC heap after
Heap after GC invocations=9 (full 2):
 PSYoungGen      total 146432K, used 0K [0x00000000eab00000, 0x00000000f8100000, 0x0000000100000000)
  eden space 133120K, 0% used [0x00000000eab00000,0x00000000eab00000,0x00000000f2d00000)
  from space 13312K, 0% used [0x00000000f2d00000,0x00000000f2d00000,0x00000000f3a00000)
  to   space 13312K, 0% used [0x00000000f7400000,0x00000000f7400000,0x00000000f8100000)
 ParOldGen       total 121344K, used 16114K [0x00000000c0000000, 0x00000000c7680000, 0x00000000eab00000)
  object space 121344K, 13% used [0x00000000c0000000,0x00000000c0fbcbe0,0x00000000c7680000)
 Metaspace       used 34447K, capacity 35266K, committed 35496K, reserved 1079296K
  class space    used 4804K, capacity 5064K, committed 5120K, reserved 1048576K
}
Event: 28.220 GC heap before
{Heap before GC invocations=10 (full 2):
 PSYoungGen      total 146432K, used 133120K [0x00000000eab00000, 0x00000000f8100000, 0x0000000100000000)
  eden space 133120K, 100% used [0x00000000eab00000,0x00000000f2d00000,0x00000000f2d00000)
  from space 13312K, 0% used [0x00000000f2d00000,0x00000000f2d00000,0x00000000f3a00000)
  to   space 13312K, 0% used [0x00000000f7400000,0x00000000f7400000,0x00000000f8100000)
 ParOldGen       total 121344K, used 16114K [0x00000000c0000000, 0x00000000c7680000, 0x00000000eab00000)
  object space 121344K, 13% used [0x00000000c0000000,0x00000000c0fbcbe0,0x00000000c7680000)
 Metaspace       used 42100K, capacity 43176K, committed 43392K, reserved 1087488K
  class space    used 5907K, capacity 6220K, committed 6272K, reserved 1048576K
Event: 28.242 GC heap after
Heap after GC invocations=10 (full 2):
 PSYoungGen      total 205824K, used 10067K [0x00000000eab00000, 0x00000000f8a80000, 0x0000000100000000)
  eden space 192512K, 0% used [0x00000000eab00000,0x00000000eab00000,0x00000000f6700000)
  from space 13312K, 75% used [0x00000000f7400000,0x00000000f7dd4ea0,0x00000000f8100000)
  to   space 13312K, 0% used [0x00000000f6700000,0x00000000f6700000,0x00000000f7400000)
 ParOldGen       total 121344K, used 16186K [0x00000000c0000000, 0x00000000c7680000, 0x00000000eab00000)
  object space 121344K, 13% used [0x00000000c0000000,0x00000000c0fcebf0,0x00000000c7680000)
 Metaspace       used 42100K, capacity 43176K, committed 43392K, reserved 1087488K
  class space    used 5907K, capacity 6220K, committed 6272K, reserved 1048576K
}
Event: 33.829 GC heap before
{Heap before GC invocations=11 (full 2):
 PSYoungGen      total 205824K, used 202579K [0x00000000eab00000, 0x00000000f8a80000, 0x0000000100000000)
  eden space 192512K, 100% used [0x00000000eab00000,0x00000000f6700000,0x00000000f6700000)
  from space 13312K, 75% used [0x00000000f7400000,0x00000000f7dd4ea0,0x00000000f8100000)
  to   space 13312K, 0% used [0x00000000f6700000,0x00000000f6700000,0x00000000f7400000)
 ParOldGen       total 121344K, used 16186K [0x00000000c0000000, 0x00000000c7680000, 0x00000000eab00000)
  object space 121344K, 13% used [0x00000000c0000000,0x00000000c0fcebf0,0x00000000c7680000)
 Metaspace       used 46929K, capacity 48006K, committed 48256K, reserved 1091584K
  class space    used 6450K, capacity 6751K, committed 6784K, reserved 1048576K
Event: 33.862 GC heap after
Heap after GC invocations=11 (full 2):
 PSYoungGen      total 205824K, used 13308K [0x00000000eab00000, 0x00000000fbb00000, 0x0000000100000000)
  eden space 192512K, 0% used [0x00000000eab00000,0x00000000eab00000,0x00000000f6700000)
  from space 13312K, 99% used [0x00000000f6700000,0x00000000f73ff070,0x00000000f7400000)
  to   space 15360K, 0% used [0x00000000fac00000,0x00000000fac00000,0x00000000fbb00000)
 ParOldGen       total 121344K, used 17991K [0x00000000c0000000, 0x00000000c7680000, 0x00000000eab00000)
  object space 121344K, 14% used [0x00000000c0000000,0x00000000c1191cb0,0x00000000c7680000)
 Metaspace       used 46929K, capacity 48006K, committed 48256K, reserved 1091584K
  class space    used 6450K, capacity 6751K, committed 6784K, reserved 1048576K
}

Deoptimization events (10 events):
Event: 33.986 Thread 0x000000001a7dc800 Uncommon trap: reason=class_check action=maybe_recompile pc=0x000000000663f5f8 method=io.spring.gradle.dependencymanagement.org.apache.maven.model.interpolation.StringSearchModelInterpolator$InterpolateObjectAction.interpolateMapField(Ljava/lang/Object;Lj
Event: 34.178 Thread 0x000000001a7dc800 Uncommon trap: reason=null_check action=make_not_entrant pc=0x0000000006b36e8c method=io.spring.gradle.dependencymanagement.org.apache.maven.model.validation.DefaultModelValidator.validateEffectiveDependency(Lio/spring/gradle/dependencymanagement/org/apac
Event: 34.289 Thread 0x000000001a7dc800 Uncommon trap: reason=unstable_if action=reinterpret pc=0x0000000005b19510 method=java.util.regex.Pattern.closure(Ljava/util/regex/Pattern$Node;)Ljava/util/regex/Pattern$Node; @ 182
Event: 34.289 Thread 0x000000001a7dc800 Uncommon trap: reason=unstable_if action=reinterpret pc=0x0000000006a90254 method=java.util.regex.Pattern$Curly.study(Ljava/util/regex/Pattern$TreeInfo;)Z @ 96
Event: 34.292 Thread 0x000000001a7dc800 Uncommon trap: reason=class_check action=maybe_recompile pc=0x0000000006a9c188 method=io.spring.gradle.dependencymanagement.org.codehaus.plexus.interpolation.MapBasedValueSource.getValue(Ljava/lang/String;)Ljava/lang/Object; @ 16
Event: 34.292 Thread 0x000000001a7dc800 Uncommon trap: reason=class_check action=maybe_recompile pc=0x0000000006a9c188 method=io.spring.gradle.dependencymanagement.org.codehaus.plexus.interpolation.MapBasedValueSource.getValue(Ljava/lang/String;)Ljava/lang/Object; @ 16
Event: 34.294 Thread 0x000000001a7dc800 Uncommon trap: reason=class_check action=maybe_recompile pc=0x000000000663f5f8 method=io.spring.gradle.dependencymanagement.org.apache.maven.model.interpolation.StringSearchModelInterpolator$InterpolateObjectAction.interpolateMapField(Ljava/lang/Object;Lj
Event: 34.297 Thread 0x000000001a7dc800 Uncommon trap: reason=unstable_if action=reinterpret pc=0x0000000006abd418 method=io.spring.gradle.dependencymanagement.org.apache.maven.model.validation.DefaultModelValidator.validateNotNull(Ljava/lang/String;Lio/spring/gradle/dependencymanagement/org/ap
Event: 34.403 Thread 0x000000001a7dc800 Uncommon trap: reason=unstable_if action=reinterpret pc=0x0000000006b3e764 method=io.spring.gradle.dependencymanagement.org.codehaus.plexus.util.xml.pull.MXParser.nextImpl()I @ 495
Event: 34.403 Thread 0x000000001a7dc800 Uncommon trap: reason=unstable_if action=reinterpret pc=0x0000000006a395c0 method=io.spring.gradle.dependencymanagement.org.codehaus.plexus.util.xml.pull.MXParser.nextTag()I @ 10

Internal exceptions (10 events):
Event: 26.694 Thread 0x000000001a7dc800 Exception <a 'java/lang/ClassNotFoundException': org/gradle/api/internal/file/AbstractFileCollectionBeanInfo> (0x00000000f0a5f848) thrown at [C:\re\workspace\8-2-build-windows-amd64-cygwin\jdk8u121\8372\hotspot\src\share\vm\classfile\systemDictionary.cpp,
Event: 26.695 Thread 0x000000001a7dc800 Exception <a 'java/lang/ClassNotFoundException': org/gradle/api/internal/file/AbstractFileCollectionCustomizer> (0x00000000f0a76ab8) thrown at [C:\re\workspace\8-2-build-windows-amd64-cygwin\jdk8u121\8372\hotspot\src\share\vm\classfile\systemDictionary.cp
Event: 26.698 Thread 0x000000001a7dc800 Exception <a 'java/lang/ClassNotFoundException': org/gradle/api/internal/artifacts/configurations/DefaultConfigurationCustomizer> (0x00000000f0aba120) thrown at [C:\re\workspace\8-2-build-windows-amd64-cygwin\jdk8u121\8372\hotspot\src\share\vm\classfile\s
Event: 26.701 Thread 0x000000001a7dc800 Exception <a 'java/lang/ClassNotFoundException': org/gradle/api/internal/artifacts/configurations/DefaultConfiguration_DecoratedCustomizer> (0x00000000f0b5cdc0) thrown at [C:\re\workspace\8-2-build-windows-amd64-cygwin\jdk8u121\8372\hotspot\src\share\vm\c
Event: 28.142 Thread 0x000000001a7dc800 Implicit null exception at 0x0000000006699aeb to 0x000000000669ac89
Event: 28.851 Thread 0x000000001e5c9000 Implicit null exception at 0x00000000057c3ea8 to 0x00000000057c3fd9
Event: 29.217 Thread 0x000000001e5c9000 Implicit null exception at 0x0000000005ddca68 to 0x0000000005ddee51
Event: 30.881 Thread 0x000000001e5c9000 Implicit null exception at 0x00000000068772d8 to 0x000000000687741d
Event: 34.178 Thread 0x000000001a7dc800 Implicit null exception at 0x0000000006b33a68 to 0x0000000006b36e75
Event: 34.297 Thread 0x000000001a7dc800 Implicit null exception at 0x0000000006abd3ac to 0x0000000006abd3f5

Events (10 events):
Event: 34.333 Thread 0x00000000190e3000 flushing nmethod 0x0000000006795110
Event: 34.333 Thread 0x00000000190e3000 flushing nmethod 0x00000000067a1f10
Event: 34.333 Thread 0x00000000190e3000 flushing nmethod 0x00000000067b6390
Event: 34.333 Thread 0x00000000190e3000 flushing nmethod 0x00000000067bee10
Event: 34.403 Thread 0x000000001a7dc800 Uncommon trap: trap_request=0xffffff65 fr.pc=0x0000000006b3e764
Event: 34.403 Thread 0x000000001a7dc800 DEOPT PACKING pc=0x0000000006b3e764 sp=0x000000001cf0a9f0
Event: 34.403 Thread 0x000000001a7dc800 DEOPT UNPACKING pc=0x00000000055f582a sp=0x000000001cf0a968 mode 2
Event: 34.403 Thread 0x000000001a7dc800 Uncommon trap: trap_request=0xffffff65 fr.pc=0x0000000006a395c0
Event: 34.403 Thread 0x000000001a7dc800 DEOPT PACKING pc=0x0000000006a395c0 sp=0x000000001cf0aa30
Event: 34.403 Thread 0x000000001a7dc800 DEOPT UNPACKING pc=0x00000000055f582a sp=0x000000001cf0a9d0 mode 2


Dynamic libraries:
0x00007ff7462b0000 - 0x00007ff7462e7000 	D:\Program Files\java\jdk1.8.0_121\bin\java.exe
0x00007ffea2a70000 - 0x00007ffea2c50000 	C:\WINDOWS\SYSTEM32\ntdll.dll
0x00007ffea09d0000 - 0x00007ffea0a7e000 	C:\WINDOWS\System32\KERNEL32.DLL
0x00007ffe9edc0000 - 0x00007ffe9f026000 	C:\WINDOWS\System32\KERNELBASE.dll
0x00007ffea04c0000 - 0x00007ffea0561000 	C:\WINDOWS\System32\ADVAPI32.dll
0x00007ffea1f40000 - 0x00007ffea1fdd000 	C:\WINDOWS\System32\msvcrt.dll
0x00007ffe9fff0000 - 0x00007ffea004b000 	C:\WINDOWS\System32\sechost.dll
0x00007ffea2920000 - 0x00007ffea2a3f000 	C:\WINDOWS\System32\RPCRT4.dll
0x00007ffea24b0000 - 0x00007ffea263f000 	C:\WINDOWS\System32\USER32.dll
0x00007ffe9eda0000 - 0x00007ffe9edc0000 	C:\WINDOWS\System32\win32u.dll
0x00007ffe9fdc0000 - 0x00007ffe9fde8000 	C:\WINDOWS\System32\GDI32.dll
0x00007ffe9f130000 - 0x00007ffe9f2c3000 	C:\WINDOWS\System32\gdi32full.dll
0x00007ffe9f550000 - 0x00007ffe9f5eb000 	C:\WINDOWS\System32\msvcp_win.dll
0x00007ffe9f030000 - 0x00007ffe9f125000 	C:\WINDOWS\System32\ucrtbase.dll
0x00007ffe8c010000 - 0x00007ffe8c279000 	C:\WINDOWS\WinSxS\amd64_microsoft.windows.common-controls_6595b64144ccf1df_6.0.16299.611_none_15c7d8029365981f\COMCTL32.dll
0x00007ffea2090000 - 0x00007ffea2397000 	C:\WINDOWS\System32\combase.dll
0x00007ffe9eb80000 - 0x00007ffe9ebf2000 	C:\WINDOWS\System32\bcryptPrimitives.dll
0x00007ffe9fd90000 - 0x00007ffe9fdbd000 	C:\WINDOWS\System32\IMM32.DLL
0x000000005be50000 - 0x000000005bf22000 	D:\Program Files\java\jdk1.8.0_121\jre\bin\msvcr100.dll
0x000000005a6a0000 - 0x000000005af3b000 	D:\Program Files\java\jdk1.8.0_121\jre\bin\server\jvm.dll
0x00007ffe9ed70000 - 0x00007ffe9ed93000 	C:\WINDOWS\System32\WINMM.dll
0x00007ffe9eaf0000 - 0x00007ffe9eb1a000 	C:\WINDOWS\System32\WINMMBASE.dll
0x00007ffe9f5f0000 - 0x00007ffe9f63a000 	C:\WINDOWS\System32\cfgmgr32.dll
0x00007ffea26d0000 - 0x00007ffea26d8000 	C:\WINDOWS\System32\PSAPI.DLL
0x00007ffe8d190000 - 0x00007ffe8d199000 	C:\WINDOWS\SYSTEM32\WSOCK32.dll
0x00007ffea2850000 - 0x00007ffea28bc000 	C:\WINDOWS\System32\WS2_32.dll
0x00007ffe91de0000 - 0x00007ffe91dea000 	C:\WINDOWS\SYSTEM32\VERSION.dll
0x000000005be40000 - 0x000000005be4f000 	D:\Program Files\java\jdk1.8.0_121\jre\bin\verify.dll
0x000000005a670000 - 0x000000005a699000 	D:\Program Files\java\jdk1.8.0_121\jre\bin\java.dll
0x000000005a650000 - 0x000000005a666000 	D:\Program Files\java\jdk1.8.0_121\jre\bin\zip.dll
0x00007ffea0b00000 - 0x00007ffea1f38000 	C:\WINDOWS\System32\SHELL32.dll
0x00007ffea1fe0000 - 0x00007ffea2086000 	C:\WINDOWS\System32\shcore.dll
0x00007ffe9f640000 - 0x00007ffe9fd87000 	C:\WINDOWS\System32\windows.storage.dll
0x00007ffea28c0000 - 0x00007ffea2911000 	C:\WINDOWS\System32\shlwapi.dll
0x00007ffe9eb60000 - 0x00007ffe9eb71000 	C:\WINDOWS\System32\kernel.appcore.dll
0x00007ffe9ecc0000 - 0x00007ffe9ed0c000 	C:\WINDOWS\System32\powrprof.dll
0x00007ffe9eb40000 - 0x00007ffe9eb5b000 	C:\WINDOWS\System32\profapi.dll
0x000000005a630000 - 0x000000005a64a000 	D:\Program Files\java\jdk1.8.0_121\jre\bin\net.dll
0x00007ffe9e350000 - 0x00007ffe9e3b6000 	C:\WINDOWS\system32\mswsock.dll
0x000000005a610000 - 0x000000005a621000 	D:\Program Files\java\jdk1.8.0_121\jre\bin\nio.dll
0x00007ffe98dc0000 - 0x00007ffe98dde000 	C:\Users\Administrator\.gradle\native\25\windows-amd64\native-platform.dll
0x000000005a4b0000 - 0x000000005a4bd000 	D:\Program Files\java\jdk1.8.0_121\jre\bin\management.dll
0x00007ffe9e510000 - 0x00007ffe9e527000 	C:\WINDOWS\SYSTEM32\CRYPTSP.dll
0x00007ffe9df50000 - 0x00007ffe9df83000 	C:\WINDOWS\system32\rsaenh.dll
0x00007ffe9e620000 - 0x00007ffe9e645000 	C:\WINDOWS\SYSTEM32\bcrypt.dll
0x00007ffe9ea20000 - 0x00007ffe9ea49000 	C:\WINDOWS\SYSTEM32\USERENV.dll
0x00007ffe9e530000 - 0x00007ffe9e53b000 	C:\WINDOWS\SYSTEM32\CRYPTBASE.dll
0x00007ffe9e0e0000 - 0x00007ffe9e119000 	C:\WINDOWS\SYSTEM32\IPHLPAPI.DLL
0x00007ffea0570000 - 0x00007ffea0578000 	C:\WINDOWS\System32\NSI.dll
0x00007ffe95f80000 - 0x00007ffe95f96000 	C:\WINDOWS\SYSTEM32\dhcpcsvc6.DLL
0x00007ffe95f60000 - 0x00007ffe95f7a000 	C:\WINDOWS\SYSTEM32\dhcpcsvc.DLL
0x000000005a480000 - 0x000000005a4a4000 	D:\Program Files\java\jdk1.8.0_121\jre\bin\sunec.dll
0x00007ffe9e120000 - 0x00007ffe9e1d6000 	C:\WINDOWS\SYSTEM32\DNSAPI.dll
0x00007ffe99530000 - 0x00007ffe9953a000 	C:\Windows\System32\rasadhlp.dll
0x00007ffe99550000 - 0x00007ffe995c0000 	C:\WINDOWS\System32\fwpuclnt.dll
0x000000005a470000 - 0x000000005a47b000 	D:\Program Files\java\jdk1.8.0_121\jre\bin\sunmscapi.dll
0x00007ffe9f2d0000 - 0x00007ffe9f49e000 	C:\WINDOWS\System32\CRYPT32.dll
0x00007ffe9eb20000 - 0x00007ffe9eb32000 	C:\WINDOWS\System32\MSASN1.dll

VM Arguments:
jvm_args: -XX:+HeapDumpOnOutOfMemoryError -Xmx1024m -Dfile.encoding=GBK -Duser.country=CN -Duser.language=zh -Duser.variant 
java_command: org.gradle.launcher.daemon.bootstrap.GradleDaemon 4.9
java_class_path (initial): D:\softwareApk\gradle\gradle-4.9-all\gradle-4.9\lib\gradle-launcher-4.9.jar
Launcher Type: SUN_STANDARD

Environment Variables:
JAVA_HOME=D:\Program Files\java\jdk1.8.0_121
PATH=D:\Program Files\Git\bin;C:\Program Files\RabbitMQ Server\rabbitmq_server-3.6.10\bin;C:\Program Files\erl8.3\bin;D:\Program Files\maven\apache-maven-3.3.9\bin;D:\softwareApk\gradle\gradle-4.9-all\gradle-4.9\bin;D:\Program Files\java\jdk1.8.0_121\bin;C:\WINDOWS\system32;C:\WINDOWS;C:\WINDOWS\System32\Wbem;C:\WINDOWS\System32\WindowsPowerShell\v1.0\;D:\Program Files\TortoiseSVN\bin;D:\Program Files\SlikSvn\bin;D:\Program Files (x86)\Yarn\bin;D:\Program Files\nodejs\;C:\Users\Administrator\AppData\Local\Microsoft\WindowsApps;d:\Program Files\Microsoft VS Code\bin;C:\Users\Administrator\AppData\Local\Yarn\bin;C:\Users\Administrator\AppData\Roaming\npm;C:\Program Files\MySQL\MySQL Server 5.7\bin;
USERNAME=Administrator
OS=Windows_NT
PROCESSOR_IDENTIFIER=Intel64 Family 6 Model 60 Stepping 3, GenuineIntel



---------------  S Y S T E M  ---------------

OS: Windows 10.0 , 64 bit Build 16299 (10.0.16299.431)

CPU:total 4 (2 cores per cpu, 2 threads per core) family 6 model 60 stepping 3, cmov, cx8, fxsr, mmx, sse, sse2, sse3, ssse3, sse4.1, sse4.2, popcnt, avx, avx2, aes, clmul, erms, lzcnt, ht, tsc, tscinvbit, bmi1, bmi2

Memory: 4k page, physical 12497260k(1944412k free), swap 12497260k(6224k free)

vm_info: Java HotSpot(TM) 64-Bit Server VM (25.121-b13) for windows-amd64 JRE (1.8.0_121-b13), built on Dec 12 2016 18:21:36 by "java_re" with MS VC++ 10.0 (VS2010)

time: Tue Sep 04 18:09:11 2018
elapsed time: 34 seconds (0d 0h 0m 34s)

